<?xml version="1.0" encoding="utf-8" standalone="yes"?><Layout layout="test" modulePackage="product.truckkz" filePath="app\src\main\res\layout\test.xml" directory="layout" isMerge="false" isBindingData="false" rootNodeType="androidx.constraintlayout.widget.ConstraintLayout"><Targets><Target tag="layout/test_0" view="androidx.constraintlayout.widget.ConstraintLayout"><Expressions/><location startLine="1" startOffset="0" endLine="193" endOffset="51"/></Target><Target id="@+id/splashScreen1" view="androidx.constraintlayout.widget.ConstraintLayout"><Expressions/><location startLine="8" startOffset="4" endLine="190" endOffset="55"/></Target><Target id="@+id/txtTitleAuth" view="LinearLayout"><Expressions/><location startLine="15" startOffset="8" endLine="40" endOffset="22"/></Target><Target id="@+id/cons1" view="androidx.constraintlayout.widget.ConstraintLayout"><Expressions/><location startLine="43" startOffset="8" endLine="167" endOffset="59"/></Target><Target id="@+id/txt_center_aut_title" view="TextView"><Expressions/><location startLine="54" startOffset="12" endLine="65" endOffset="59"/></Target><Target id="@+id/textInputLayout" view="com.google.android.material.textfield.TextInputLayout"><Expressions/><location startLine="68" startOffset="12" endLine="99" endOffset="67"/></Target><Target id="@+id/authEditEmail" view="com.google.android.material.textfield.TextInputEditText"><Expressions/><location startLine="87" startOffset="16" endLine="96" endOffset="67"/></Target><Target id="@+id/textInputLayout2" view="com.google.android.material.textfield.TextInputLayout"><Expressions/><location startLine="101" startOffset="12" endLine="133" endOffset="67"/></Target><Target id="@+id/authEditPassword" view="com.google.android.material.textfield.TextInputEditText"><Expressions/><location startLine="120" startOffset="16" endLine="130" endOffset="67"/></Target><Target id="@+id/btn_auth" view="com.google.android.material.button.MaterialButton"><Expressions/><location startLine="136" startOffset="12" endLine="151" endOffset="54"/></Target><Target id="@+id/txt_restore_auth" view="TextView"><Expressions/><location startLine="153" startOffset="12" endLine="164" endOffset="69"/></Target><Target id="@+id/gif_aut" view="LinearLayout"><Expressions/><location startLine="169" startOffset="8" endLine="188" endOffset="22"/></Target></Targets></Layout>